d:\google drive\projects\wtm\code\wtm.environment.v3\wtm\debug\wtm.pch
d:\google drive\projects\wtm\code\wtm.environment.v3\wtm\debug\vc120.pdb
d:\google drive\projects\wtm\code\wtm.environment.v3\wtm\debug\vc120.idb
d:\google drive\projects\wtm\code\wtm.environment.v3\wtm\debug\stdafx.obj
d:\google drive\projects\wtm\code\wtm.environment.v3\wtm\debug\world.obj
d:\google drive\projects\wtm\code\wtm.environment.v3\wtm\debug\wtm.obj
d:\google drive\projects\wtm\code\wtm.environment.v3\wtm\debug\wtmactor.obj
d:\google drive\projects\wtm\code\wtm.environment.v3\wtm\debug\networkcreator.obj
d:\google drive\projects\wtm\code\wtm.environment.v3\wtm\debug\jsondataloader.obj
d:\google drive\projects\wtm\code\wtm.environment.v3\wtm\debug\network.obj
d:\google drive\projects\wtm\code\wtm.environment.v3\wtm\debug\resources.obj
d:\google drive\projects\wtm\code\wtm.environment.v3\wtm\debug\movingactor.obj
d:\google drive\projects\wtm\code\wtm.environment.v3\debug\wtm.pdb
d:\google drive\projects\wtm\code\wtm.environment.v3\wtm\debug\wtm.tlog\cl.command.1.tlog
d:\google drive\projects\wtm\code\wtm.environment.v3\wtm\debug\wtm.tlog\cl.read.1.tlog
d:\google drive\projects\wtm\code\wtm.environment.v3\wtm\debug\wtm.tlog\cl.write.1.tlog
d:\google drive\projects\wtm\code\wtm.environment.v3\wtm\debug\wtm.tlog\link-cvtres.read.1.tlog
d:\google drive\projects\wtm\code\wtm.environment.v3\wtm\debug\wtm.tlog\link-cvtres.write.1.tlog
d:\google drive\projects\wtm\code\wtm.environment.v3\wtm\debug\wtm.tlog\link-rc.read.1.tlog
d:\google drive\projects\wtm\code\wtm.environment.v3\wtm\debug\wtm.tlog\link-rc.write.1.tlog
d:\google drive\projects\wtm\code\wtm.environment.v3\wtm\debug\wtm.tlog\link.command.1.tlog
d:\google drive\projects\wtm\code\wtm.environment.v3\wtm\debug\wtm.tlog\link.read.1.tlog
d:\google drive\projects\wtm\code\wtm.environment.v3\wtm\debug\wtm.tlog\link.write.1.tlog
